<?xml version="1.0" encoding="UTF-8" ?>
<testsuite errors="0" failures="0" hostname="e42-17" name="ristinolla.PelilogiikkaTest" tests="7" time="0.135" timestamp="2013-07-17T13:14:42">
  <properties>
    <property name="libs.jsp-compiler.javadoc" value="" />
    <property name="netbeans.autoupdate.country" value="FI" />
    <property name="nb.wait.for.caches" value="true" />
    <property name="javac.test.classpath" value=":build/classes:/home/mluukkai/netbeans-7.2/platform/modules/ext/junit-4.10.jar" />
    <property name="libs.jsf20.maven-pom" value="" />
    <property name="libs.junit.javadoc" value="/home/mluukkai/netbeans-7.2/java/docs/junit-3.8.2-api.zip" />
    <property name="ant.core.lib" value="/home/mluukkai/netbeans-7.2/java/ant/lib/ant.jar" />
    <property name="ant.file.Ristinolla-impl" value="/home/mluukkai/NetBeansProjects/Ristinolla/nbproject/build-impl.xml" />
    <property name="javadoc.windowtitle" value="" />
    <property name="libs.jsp-compilation.javadoc" value="" />
    <property name="user.dir" value="/home/mluukkai/NetBeansProjects/Ristinolla" />
    <property name="libs.hibernate-persistence.javadoc" value="" />
    <property name="java.vm.version" value="21.0-b17" />
    <property name="libs.jstl11.maven-pom" value="" />
    <property name="libs.Java-EE-GlassFish-v3.wsimport" value="" />
    <property name="libs.MySQLDriver.classpath" value="/home/mluukkai/netbeans-7.2/ide/modules/ext/mysql-connector-java-5.1.18-bin.jar" />
    <property name="libs.eclipselinkmodelgen.src" value="" />
    <property name="libs.jstl11.src" value="" />
    <property name="javadoc.notree" value="false" />
    <property name="netbeans.autoupdate.version" value="1.23" />
    <property name="libs.EclipseLink-GlassFish-v3.classpath" value="/home/mluukkai/glassfish-3.1.1/glassfish/modules/org.eclipse.persistence.asm.jar:/home/mluukkai/glassfish-3.1.1/glassfish/modules/org.eclipse.persistence.core.jar:/home/mluukkai/glassfish-3.1.1/glassfish/modules/org.eclipse.persistence.antlr.jar:/home/mluukkai/glassfish-3.1.1/glassfish/modules/org.eclipse.persistence.oracle.jar:/home/mluukkai/glassfish-3.1.1/glassfish/modules/org.eclipse.persistence.jpa.modelgen.jar:/home/mluukkai/glassfish-3.1.1/glassfish/modules/org.eclipse.persistence.jpa.jar:/home/mluukkai/glassfish-3.1.1/glassfish/modules/javax.persistence.jar" />
    <property name="libs.javaee-web-api-6.0.classpath" value="/home/mluukkai/netbeans-7.2/enterprise/modules/ext/javaee-web-api-6.0.jar" />
    <property name="libs.hibernate-support.maven-pom" value="" />
    <property name="libs.hibernate-support.javadoc" value="" />
    <property name="jdk.home" value="/usr/lib/jvm/java-6-sun" />
    <property name="libs.javac-api.src" value="" />
    <property name="javadoc.noindex" value="false" />
    <property name="sun.os.patch.level" value="unknown" />
    <property name="do.archive+manifest.available" value="true" />
    <property name="java.vm.specification.name" value="Java Virtual Machine Specification" />
    <property name="nb.show.statistics.ui" value="usageStatisticsEnabled" />
    <property name="netbeans.autoupdate.variant" value="" />
    <property name="platforms.JDK_1.7.home" value="/home/mluukkai/java/jdk1.7.0" />
    <property name="have.tests" value="true" />
    <property name="org.xml.sax.driver" value="com.sun.org.apache.xerces.internal.jaxp.SAXParserImpl$JAXPSAXParser" />
    <property name="libs.javac-api.javadoc" value="" />
    <property name="os.name" value="Linux" />
    <property name="ant.file.Ristinolla" value="/home/mluukkai/NetBeansProjects/Ristinolla/build.xml" />
    <property name="libs.beans-binding.classpath" value="/home/mluukkai/netbeans-7.2/java/modules/ext/beansbinding-1.2.1.jar" />
    <property name="ap.proc.none.internal" value="" />
    <property name="libs.restapi.javadoc" value="/home/mluukkai/netbeans-7.2/enterprise/docs/jsr311-api-1.1.1-javadoc.zip" />
    <property name="libs.JWSAntTasks.maven-pom" value="" />
    <property name="libs.testng.src" value="" />
    <property name="libs.spring-webmvc3.0.src" value="" />
    <property name="libs.restapi.classpath" value="/home/mluukkai/netbeans-7.2/enterprise/modules/ext/rest/jsr311-api-1.1.1.jar" />
    <property name="java.vendor.url.bug" value="http://bugreport.sun.com/bugreport/" />
    <property name="libs.jaxb.maven-pom" value="" />
    <property name="os.arch" value="i386" />
    <property name="libs.eclipselink.src" value="" />
    <property name="user.name" value="mluukkai" />
    <property name="libs.jsf12.javadoc" value="/home/mluukkai/netbeans-7.2/enterprise/docs/javaee6-doc-api.zip" />
    <property name="libs.Comet-GlassFish-v3.javadoc" value="" />
    <property name="copylibs.rebase" value="true" />
    <property name="manifest.available+main.class" value="true" />
    <property name="libs.spring-webmvc3.0.maven-pom" value="" />
    <property name="libs.swing-layout.maven-pom" value="" />
    <property name="sun.java.command" value="org.apache.tools.ant.taskdefs.optional.junit.JUnitTestRunner ristinolla.PelilogiikkaTest filtertrace=true haltOnError=false haltOnFailure=false showoutput=true outputtoformatters=true logfailedtests=true logtestlistenerevents=true formatter=org.apache.tools.ant.taskdefs.optional.junit.BriefJUnitResultFormatter formatter=org.apache.tools.ant.taskdefs.optional.junit.XMLJUnitResultFormatter,/home/mluukkai/NetBeansProjects/Ristinolla/build/test/results/TEST-ristinolla.PelilogiikkaTest.xml crashfile=/home/mluukkai/NetBeansProjects/Ristinolla/build/junitvmwatcher6399019469312203779.properties propsfile=/home/mluukkai/NetBeansProjects/Ristinolla/build/junit295941271344846020.properties" />
    <property name="build.classes.dir" value="build/classes" />
    <property name="ant.file.type.Ristinolla-impl" value="file" />
    <property name="netbeans.accept_license_class" value="org.netbeans.license.AcceptLicense" />
    <property name="libs.Java-EE-GlassFish-v3.wsjwsdp" value="" />
    <property name="build.sysclasspath" value="ignore" />
    <property name="ap.supported.internal" value="true" />
    <property name="libs.jaxws21.javadoc" value="/home/mluukkai/netbeans-7.2/java/docs/jaxws-api-doc.zip" />
    <property name="includes" value="**" />
    <property name="user.country" value="GB" />
    <property name="manifest.file" value="manifest.mf" />
    <property name="libs.jstl11.javadoc" value="/home/mluukkai/netbeans-7.2/enterprise/docs/javaee6-doc-api.zip" />
    <property name="javadoc.encoding" value="UTF-8" />
    <property name="platform.home" value="/home/mluukkai/java/jdk1.7.0" />
    <property name="javac.classpath" value="" />
    <property name="libs.jsp-compilation-syscp.src" value="" />
    <property name="libs.JAVADB_DRIVER_LABEL.src" value="" />
    <property name="platform.bootcp" value="/home/mluukkai/java/jdk1.7.0/jre/lib/resources.jar:/home/mluukkai/java/jdk1.7.0/jre/lib/rt.jar:/home/mluukkai/java/jdk1.7.0/jre/lib/sunrsasign.jar:/home/mluukkai/java/jdk1.7.0/jre/lib/jsse.jar:/home/mluukkai/java/jdk1.7.0/jre/lib/jce.jar:/home/mluukkai/java/jdk1.7.0/jre/lib/charsets.jar:/home/mluukkai/java/jdk1.7.0/jre/classes:/home/mluukkai/java/jdk1.7.0/jre/lib/ext/sunjce_provider.jar:/home/mluukkai/java/jdk1.7.0/jre/lib/ext/sunpkcs11.jar:/home/mluukkai/java/jdk1.7.0/jre/lib/ext/zipfs.jar:/home/mluukkai/java/jdk1.7.0/jre/lib/ext/localedata.jar:/home/mluukkai/java/jdk1.7.0/jre/lib/ext/sunec.jar:/home/mluukkai/java/jdk1.7.0/jre/lib/ext/dnsns.jar" />
    <property name="debug-transport" value="dt_socket" />
    <property name="netbeans.system_http_non_proxy_hosts" value="" />
    <property name="netbeans.home" value="/home/mluukkai/netbeans-7.2/platform" />
    <property name="build.compiler.emacs" value="true" />
    <property name="libs.javaee-web-api-6.0.src" value="" />
    <property name="libs.ejb3-persistence.src" value="" />
    <property name="libs.Java-EE-GlassFish-v3.javadoc" value="/home/mluukkai/netbeans-7.2/enterprise/docs/javaee6-doc-api.zip" />
    <property name="libs.jsp-compilation-syscp.classpath" value="/home/mluukkai/netbeans-7.2/java/ant/lib/ant.jar:/home/mluukkai/netbeans-7.2/enterprise/modules/ext/servlet3.0-jsp2.2-api.jar:/home/mluukkai/netbeans-7.2/enterprise/modules/ext/glassfish-jspparser-3.0.jar:/home/mluukkai/netbeans-7.2/enterprise/modules/ext/standard.jar:/home/mluukkai/netbeans-7.2/enterprise/modules/ext/jsf-2_1/jsf-impl.jar" />
    <property name="java.endorsed.dirs" value="/home/mluukkai/java/jdk1.7.0/jre/lib/endorsed" />
    <property name="user.language.format" value="fi" />
    <property name="libs.Comet-GlassFish-v3.maven-pom" value="" />
    <property name="libs.groovy-all.src" value="" />
    <property name="netbeans.dynamic.classpath" value="/home/mluukkai/netbeans-7.2/platform/core/org-openide-filesystems.jar:/home/mluukkai/netbeans-7.2/platform/core/core.jar:/home/mluukkai/netbeans-7.2/platform/core/locale/org-openide-filesystems_pt_BR.jar:/home/mluukkai/netbeans-7.2/platform/core/locale/org-openide-filesystems_zh_CN.jar:/home/mluukkai/netbeans-7.2/platform/core/locale/org-openide-filesystems_ja.jar:/home/mluukkai/netbeans-7.2/platform/core/locale/core_pt_BR.jar:/home/mluukkai/netbeans-7.2/platform/core/locale/org-openide-filesystems_ru.jar:/home/mluukkai/netbeans-7.2/platform/core/locale/core_ja.jar:/home/mluukkai/netbeans-7.2/platform/core/locale/core_zh_CN.jar:/home/mluukkai/netbeans-7.2/platform/core/locale/core_ru.jar:/home/mluukkai/netbeans-7.2/nb/core/org-netbeans-upgrader.jar:/home/mluukkai/netbeans-7.2/nb/core/locale/core_nb_pt_BR.jar:/home/mluukkai/netbeans-7.2/nb/core/locale/org-netbeans-upgrader_pt_BR.jar:/home/mluukkai/netbeans-7.2/nb/core/locale/org-netbeans-upgrader_ru.jar:/home/mluukkai/netbeans-7.2/nb/core/locale/org-netbeans-upgrader_ja.jar:/home/mluukkai/netbeans-7.2/nb/core/locale/core_nb.jar:/home/mluukkai/netbeans-7.2/nb/core/locale/core_nb_ru.jar:/home/mluukkai/netbeans-7.2/nb/core/locale/core_nb_zh_CN.jar:/home/mluukkai/netbeans-7.2/nb/core/locale/core_nb_ja.jar:/home/mluukkai/netbeans-7.2/nb/core/locale/org-netbeans-upgrader_zh_CN.jar" />
    <property name="java.vm.specification.version" value="1.7" />
    <property name="libs.primefaces.classpath" value="/home/mluukkai/netbeans-7.2/enterprise/modules/ext/primefaces/primefaces-3.2.jar" />
    <property name="libs.javaee-api-6.0.classpath" value="/home/mluukkai/netbeans-7.2/enterprise/modules/ext/javaee-api-6.0.jar" />
    <property name="libs.groovy-all.maven-pom" value="" />
    <property name="netbeans.productversion" value="NetBeans IDE 7.2 (Build 201207171143)" />
    <property name="libs.hibernate-persistence.classpath" value="/home/mluukkai/netbeans-7.2/java/modules/ext/hibernate/antlr-2.7.6.jar:/home/mluukkai/netbeans-7.2/java/modules/ext/hibernate/asm.jar:/home/mluukkai/netbeans-7.2/java/modules/ext/hibernate/asm-attrs.jar:/home/mluukkai/netbeans-7.2/java/modules/ext/hibernate/cglib-2.1.3.jar:/home/mluukkai/netbeans-7.2/java/modules/ext/hibernate/commons-collections-2.1.1.jar:/home/mluukkai/netbeans-7.2/ide/modules/org-apache-commons-logging.jar:/home/mluukkai/netbeans-7.2/java/modules/ext/hibernate/dom4j-1.6.1.jar:/home/mluukkai/netbeans-7.2/java/modules/ext/hibernate/ehcache-1.2.3.jar:/home/mluukkai/netbeans-7.2/java/modules/ext/hibernate/jdbc2_0-stdext.jar:/home/mluukkai/netbeans-7.2/java/modules/ext/hibernate/jta.jar:/home/mluukkai/netbeans-7.2/java/modules/ext/hibernate/hibernate3.jar:/home/mluukkai/netbeans-7.2/java/modules/ext/hibernate/hibernate-tools.jar:/home/mluukkai/netbeans-7.2/java/modules/ext/hibernate/hibernate-annotations.jar:/home/mluukkai/netbeans-7.2/java/modules/ext/hibernate/hibernate-commons-annotations.jar:/home/mluukkai/netbeans-7.2/java/modules/ext/hibernate/hibernate-entitymanager.jar:/home/mluukkai/netbeans-7.2/java/modules/ext/hibernate/javassist.jar:/home/mluukkai/netbeans-7.2/java/modules/ext/hibernate/ejb3-persistence.jar" />
    <property name="libs.jaxws21.src" value="" />
    <property name="do.archive" value="true" />
    <property name="netbeans.autoupdate.language" value="fi" />
    <property name="java.vendor" value="Oracle Corporation" />
    <property name="libs.javaee-api-6.0.javadoc" value="/home/mluukkai/netbeans-7.2/enterprise/docs/javaee6-doc-api.zip" />
    <property name="jar.index.metainf" value="false" />
    <property name="javac.debug" value="true" />
    <property name="javadoc.splitindex" value="true" />
    <property name="file.separator" value="/" />
    <property name="libs.junit_4.maven-pom" value="" />
    <property name="mkdist.disabled" value="false" />
    <property name="javac.test.processorpath" value=":build/classes:/home/mluukkai/netbeans-7.2/platform/modules/ext/junit-4.10.jar" />
    <property name="netbeans.buildnumber" value="0.3.14" />
    <property name="libs.JWSAntTasks.javadoc" value="" />
    <property name="build.generated.sources.dir" value="build/generated-sources" />
    <property name="libs.eclipselinkmodelgen.classpath" value="/home/mluukkai/netbeans-7.2/java/modules/ext/eclipselink/org.eclipse.persistence.jpa.modelgen.processor-2.3.2.jar" />
    <property name="libs.Java-EE-GlassFish-v3.wscompile" value="" />
    <property name="sun.java.launcher" value="SUN_STANDARD" />
    <property name="libs.junit.classpath" value="/home/mluukkai/netbeans-7.2/java/modules/ext/junit-3.8.2.jar" />
    <property name="libs.jaxb.javadoc" value="/home/mluukkai/netbeans-7.2/ide/docs/jaxb-api-doc.zip" />
    <property name="libs.struts.classpath" value="/home/mluukkai/netbeans-7.2/enterprise/modules/ext/struts/antlr-2.7.2.jar:/home/mluukkai/netbeans-7.2/enterprise/modules/ext/struts/bsf-2.3.0.jar:/home/mluukkai/netbeans-7.2/enterprise/modules/ext/struts/commons-beanutils-1.8.0.jar:/home/mluukkai/netbeans-7.2/enterprise/modules/ext/struts/commons-chain-1.2.jar:/home/mluukkai/netbeans-7.2/enterprise/modules/ext/struts/commons-digester-1.8.jar:/home/mluukkai/netbeans-7.2/enterprise/modules/ext/struts/commons-fileupload-1.1.1.jar:/home/mluukkai/netbeans-7.2/enterprise/modules/ext/struts/commons-io-1.1.jar:/home/mluukkai/netbeans-7.2/enterprise/modules/ext/struts/commons-logging-1.0.4.jar:/home/mluukkai/netbeans-7.2/enterprise/modules/ext/struts/commons-validator-1.3.1.jar:/home/mluukkai/netbeans-7.2/enterprise/modules/ext/struts/jstl-1.0.2.jar:/home/mluukkai/netbeans-7.2/enterprise/modules/ext/struts/oro-2.0.8.jar:/home/mluukkai/netbeans-7.2/enterprise/modules/ext/struts/standard-1.0.6.jar:/home/mluukkai/netbeans-7.2/enterprise/modules/ext/struts/struts-core-1.3.10.jar:/home/mluukkai/netbeans-7.2/enterprise/modules/ext/struts/struts-el-1.3.10.jar:/home/mluukkai/netbeans-7.2/enterprise/modules/ext/struts/struts-extras-1.3.10.jar:/home/mluukkai/netbeans-7.2/enterprise/modules/ext/struts/struts-faces-1.3.10.jar:/home/mluukkai/netbeans-7.2/enterprise/modules/ext/struts/struts-mailreader-dao-1.3.10.jar:/home/mluukkai/netbeans-7.2/enterprise/modules/ext/struts/struts-scripting-1.3.10.jar:/home/mluukkai/netbeans-7.2/enterprise/modules/ext/struts/struts-taglib-1.3.10.jar:/home/mluukkai/netbeans-7.2/enterprise/modules/ext/struts/struts-tiles-1.3.10.jar" />
    <property name="ant.home" value="/home/mluukkai/netbeans-7.2/java/ant" />
    <property name="libs.junit_4.src" value="/home/mluukkai/netbeans-7.2/java/docs/junit-4.10-sources.jar" />
    <property name="libs.testng.classpath" value="/home/mluukkai/netbeans-7.2/platform/modules/ext/testng-6.5.1-dist.jar" />
    <property name="libs.absolutelayout.maven-pom" value="" />
    <property name="ant.java.version" value="1.6" />
    <property name="java.library.path" value="/usr/lib/jvm/java-6-sun-1.6.0.26/jre/lib/amd64/server:/usr/lib/jvm/java-6-sun-1.6.0.26/jre/lib/amd64:/usr/lib/jvm/java-6-sun-1.6.0.26/jre/../lib/amd64:/usr/lib/jvm/java-6-sun/jre/lib/amd64:/usr/lib/jvm/java-6-sun/jre/lib/i386::/usr/java/packages/lib/i386:/lib:/usr/lib" />
    <property name="javadoc.author" value="false" />
    <property name="libs.metro.maven-pom" value="" />
    <property name="manifest.available+main.class-mkdist.available" value="true" />
    <property name="libs.EclipseLink-GlassFish-v3.src" value="" />
    <property name="java.util.logging.config.class" value="org.netbeans.core.startup.TopLogging" />
    <property name="libs.PostgreSQLDriver.src" value="" />
    <property name="sun.arch.data.model" value="32" />
    <property name="basedir" value="/home/mluukkai/NetBeansProjects/Ristinolla" />
    <property name="libs.jpa20-persistence.maven-pom" value="" />
    <property name="jar.compress" value="false" />
    <property name="libs.jstl11.classpath" value="/home/mluukkai/netbeans-7.2/enterprise/modules/ext/standard.jar:/home/mluukkai/netbeans-7.2/enterprise/modules/ext/jstl.jar" />
    <property name="path.separator" value=":" />
    <property name="libs.javaee-web-api-6.0.javadoc" value="/home/mluukkai/netbeans-7.2/enterprise/docs/javaee6-doc-api.zip" />
    <property name="ant.junit.enabletestlistenerevents" value="true" />
    <property name="platform.javac" value="/home/mluukkai/java/jdk1.7.0/bin/javac" />
    <property name="sun.io.unicode.encoding" value="UnicodeLittle" />
    <property name="libs.jaxws21.classpath" value="/home/mluukkai/netbeans-7.2/ide/modules/ext/jaxb/jaxb-impl.jar:/home/mluukkai/netbeans-7.2/ide/modules/ext/jaxb/jaxb-xjc.jar:/home/mluukkai/netbeans-7.2/java/modules/ext/jaxws22/FastInfoset.jar:/home/mluukkai/netbeans-7.2/java/modules/ext/jaxws22/gmbal-api-only.jar:/home/mluukkai/netbeans-7.2/java/modules/ext/jaxws22/ha-api.jar:/home/mluukkai/netbeans-7.2/java/modules/ext/jaxws22/javax.mail_1.4.jar:/home/mluukkai/netbeans-7.2/java/modules/ext/jaxws22/jaxws-rt.jar:/home/mluukkai/netbeans-7.2/java/modules/ext/jaxws22/jaxws-tools.jar:/home/mluukkai/netbeans-7.2/java/modules/ext/jaxws22/management-api.jar:/home/mluukkai/netbeans-7.2/java/modules/ext/jaxws22/mimepull.jar:/home/mluukkai/netbeans-7.2/java/modules/ext/jaxws22/policy.jar:/home/mluukkai/netbeans-7.2/java/modules/ext/jaxws22/saaj-impl.jar:/home/mluukkai/netbeans-7.2/java/modules/ext/jaxws22/stax-ex.jar:/home/mluukkai/netbeans-7.2/java/modules/ext/jaxws22/stax2-api.jar:/home/mluukkai/netbeans-7.2/java/modules/ext/jaxws22/streambuffer.jar:/home/mluukkai/netbeans-7.2/java/modules/ext/jaxws22/woodstox-core-asl.jar:/home/mluukkai/netbeans-7.2/java/modules/ext/jaxws22/api/jaxws-api.jar:/home/mluukkai/netbeans-7.2/java/modules/ext/jaxws22/api/jsr181-api.jar:/home/mluukkai/netbeans-7.2/java/modules/ext/jaxws22/api/javax.annotation.jar:/home/mluukkai/netbeans-7.2/java/modules/ext/jaxws22/api/saaj-api.jar:/home/mluukkai/netbeans-7.2/ide/modules/ext/jaxb/activation.jar:/home/mluukkai/netbeans-7.2/ide/modules/ext/jaxb/api/jaxb-api.jar:/home/mluukkai/netbeans-7.2/ide/modules/ext/jaxb/api/jsr173_1.0_api.jar" />
    <property name="libs.struts.src" value="" />
    <property name="compile.on.save" value="true" />
    <property name="apple.awt.graphics.UseQuartz" value="true" />
    <property name="user.language" value="en" />
    <property name="testng.mode" value="testng" />
    <property name="libs.JAXB-ENDORSED.maven-pom" value="" />
    <property name="libs.spring-framework.classpath" value="/home/mluukkai/netbeans-7.2/ide/modules/org-apache-commons-logging.jar:/home/mluukkai/netbeans-7.2/java/modules/ext/cglib-2.2.jar:/home/mluukkai/netbeans-7.2/java/modules/ext/spring/spring-2.5.6.SEC03.jar" />
    <property name="libs.eclipselink.maven-pom" value="" />
    <property name="manifest.available" value="true" />
    <property name="libs.primefaces.javadoc" value="" />
    <property name="libs.spring-framework300.maven-pom" value="" />
    <property name="run.test.classpath" value=":build/classes:/home/mluukkai/netbeans-7.2/platform/modules/ext/junit-4.10.jar:build/test/classes" />
    <property name="ant.project.invoked-targets" value="test" />
    <property name="libs.swing-layout.javadoc" value="/home/mluukkai/netbeans-7.2/platform/docs/swing-layout-1.0.4-doc.zip" />
    <property name="libs.ejb3-persistence.maven-pom" value="" />
    <property name="libs.PostgreSQLDriver.maven-pom" value="" />
    <property name="java.class.version" value="51.0" />
    <property name="libs.JAVADB_DRIVER_LABEL.classpath" value="/home/mluukkai/glassfish-3.1.1/javadb/lib/derby.jar:/home/mluukkai/glassfish-3.1.1/javadb/lib/derbyclient.jar:/home/mluukkai/glassfish-3.1.1/javadb/lib/derbynet.jar" />
    <property name="libs.javaee-endorsed-api-6.0.src" value="" />
    <property name="netbeans.system_http_proxy" value="DIRECT" />
    <property name="libs.eclipselink.javadoc" value="" />
    <property name="libs.jsp-compilation.maven-pom" value="" />
    <property name="user.properties.file" value="/home/mluukkai/.netbeans/7.2/build.properties" />
    <property name="runtime.encoding" value="UTF-8" />
    <property name="libs.spring-framework.src" value="" />
    <property name="libs.javac-api.maven-pom" value="" />
    <property name="file.encoding.pkg" value="sun.io" />
    <property name="sun.cpu.endian" value="little" />
    <property name="libs.JAXB-ENDORSED.javadoc" value="" />
    <property name="libs.JWSAntTasks.classpath" value="/home/mluukkai/netbeans-7.2/java/ant/extra/org-netbeans-modules-javawebstart-anttasks.jar" />
    <property name="libs.spring-framework300.src" value="" />
    <property name="empty.dir" value="/home/mluukkai/NetBeansProjects/Ristinolla/build/empty" />
    <property name="version-output" value="java version &quot;1.7.0&quot;&#xa;Java(TM) SE Runtime Environment (build 1.7.0-b147)&#xa;Java HotSpot(TM) Server VM (build 21.0-b17, mixed mode)" />
    <property name="javadoc.preview" value="true" />
    <property name="libs.jpa20-persistence.javadoc" value="" />
    <property name="java.home" value="/home/mluukkai/java/jdk1.7.0/jre" />
    <property name="libs.jsp-compilation.src" value="" />
    <property name="libs.spring-webmvc.src" value="" />
    <property name="debug.test.classpath" value=":build/classes:/home/mluukkai/netbeans-7.2/platform/modules/ext/junit-4.10.jar:build/test/classes" />
    <property name="libs.javaee-endorsed-api-6.0.classpath" value="/home/mluukkai/netbeans-7.2/enterprise/modules/ext/javaee6-endorsed/javax.annotation.jar:/home/mluukkai/netbeans-7.2/enterprise/modules/ext/javaee6-endorsed/jaxb-api-osgi.jar:/home/mluukkai/netbeans-7.2/enterprise/modules/ext/javaee6-endorsed/webservices-api-osgi.jar" />
    <property name="libs.javaee-api-6.0.src" value="" />
    <property name="netbeans.importclass" value="org.netbeans.upgrade.AutoUpgrade" />
    <property name="ant.project.default-target" value="default" />
    <property name="annotation.processing.run.all.processors" value="true" />
    <property name="libs.PostgreSQLDriver.javadoc" value="" />
    <property name="libs.restlib.classpath" value="/home/mluukkai/netbeans-7.2/enterprise/modules/ext/rest/asm-3.1.jar:/home/mluukkai/netbeans-7.2/enterprise/modules/ext/rest/jackson-core-asl-1.7.1.jar:/home/mluukkai/netbeans-7.2/enterprise/modules/ext/rest/jackson-jaxrs-1.7.1.jar:/home/mluukkai/netbeans-7.2/enterprise/modules/ext/rest/jackson-mapper-asl-1.7.1.jar:/home/mluukkai/netbeans-7.2/enterprise/modules/ext/rest/jackson-xc-1.7.1.jar:/home/mluukkai/netbeans-7.2/enterprise/modules/ext/rest/jersey-apache-client-1.8.jar:/home/mluukkai/netbeans-7.2/enterprise/modules/ext/rest/jersey-atom-abdera-1.8.jar:/home/mluukkai/netbeans-7.2/enterprise/modules/ext/rest/jersey-client-1.8.jar:/home/mluukkai/netbeans-7.2/enterprise/modules/ext/rest/jersey-core-1.8.jar:/home/mluukkai/netbeans-7.2/enterprise/modules/ext/rest/jersey-guice-1.8.jar:/home/mluukkai/netbeans-7.2/enterprise/modules/ext/rest/jersey-json-1.8.jar:/home/mluukkai/netbeans-7.2/enterprise/modules/ext/rest/jersey-multipart-1.8.jar:/home/mluukkai/netbeans-7.2/enterprise/modules/ext/rest/jersey-server-1.8.jar:/home/mluukkai/netbeans-7.2/enterprise/modules/ext/rest/jersey-simple-server-1.8.jar:/home/mluukkai/netbeans-7.2/enterprise/modules/ext/rest/jersey-spring-1.8.jar:/home/mluukkai/netbeans-7.2/enterprise/modules/ext/rest/jettison-1.1.jar:/home/mluukkai/netbeans-7.2/enterprise/modules/ext/rest/oauth-client-1.8.jar:/home/mluukkai/netbeans-7.2/enterprise/modules/ext/rest/oauth-server-1.8.jar:/home/mluukkai/netbeans-7.2/enterprise/modules/ext/rest/oauth-signature-1.8.jar:/home/mluukkai/netbeans-7.2/ide/modules/ext/jaxb/activation.jar:/home/mluukkai/netbeans-7.2/ide/modules/ext/jaxb/api/jaxb-api.jar:/home/mluukkai/netbeans-7.2/ide/modules/ext/jaxb/api/jsr173_1.0_api.jar" />
    <property name="libs.MySQLDriver.maven-pom" value="" />
    <property name="libs.junit_4.javadoc" value="/home/mluukkai/netbeans-7.2/java/docs/junit-4.10-javadoc.jar" />
    <property name="libs.spring-webmvc.javadoc" value="" />
    <property name="libs.EclipseLink-GlassFish-v3.maven-pom" value="" />
    <property name="libs.javaee-web-api-6.0.maven-pom" value="" />
    <property name="run.classpath" value=":build/classes" />
    <property name="libs.hibernate-support.src" value="" />
    <property name="jna.boot.library.name" value="jnidispatch-340" />
    <property name="libs.javaee-endorsed-api-6.0.javadoc" value="/home/mluukkai/netbeans-7.2/enterprise/docs/javaee6-doc-api.zip" />
    <property name="libs.spring-webmvc3.0.javadoc" value="" />
    <property name="annotation.processing.enabled.in.editor" value="false" />
    <property name="libs.restapi.src" value="" />
    <property name="sun.management.compiler" value="HotSpot Tiered Compilers" />
    <property name="javac.deprecation" value="false" />
    <property name="javadoc.use" value="true" />
    <property name="sun.java2d.noddraw" value="true" />
    <property name="libs.jsp-compiler.classpath" value="/home/mluukkai/netbeans-7.2/enterprise/ant/extra/jspcompile.jar" />
    <property name="javac.processorpath" value="" />
    <property name="libs.spring-webmvc.classpath" value="/home/mluukkai/netbeans-7.2/enterprise/modules/ext/spring/spring-webmvc-2.5.6.SEC03.jar" />
    <property name="javac.compilerargs" value="" />
    <property name="ant.file" value="/home/mluukkai/NetBeansProjects/Ristinolla/build.xml" />
    <property name="libs.beans-binding.maven-pom" value="" />
    <property name="libs.jsf12.classpath" value="/home/mluukkai/netbeans-7.2/enterprise/modules/ext/jsf-1_2/commons-beanutils.jar:/home/mluukkai/netbeans-7.2/enterprise/modules/ext/jsf-1_2/commons-collections.jar:/home/mluukkai/netbeans-7.2/enterprise/modules/ext/jsf-1_2/commons-digester.jar:/home/mluukkai/netbeans-7.2/enterprise/modules/ext/jsf-1_2/commons-logging.jar:/home/mluukkai/netbeans-7.2/enterprise/modules/ext/jsf-1_2/jsf-api.jar:/home/mluukkai/netbeans-7.2/enterprise/modules/ext/jsf-1_2/jsf-impl.jar" />
    <property name="libs.restapi.maven-pom" value="" />
    <property name="libs.beans-binding.src" value="" />
    <property name="java.vm.specification.vendor" value="Oracle Corporation" />
    <property name="libs.swing-layout.src" value="/home/mluukkai/netbeans-7.2/platform/docs/swing-layout-1.0.4-src.zip" />
    <property name="libs.Java-EE-GlassFish-v3.embedabbleejb" value="" />
    <property name="org.openide.major.version" value="IDE/1" />
    <property name="java.vm.name" value="Java HotSpot(TM) Server VM" />
    <property name="netbeans.user" value="/home/mluukkai/.netbeans/7.2" />
    <property name="javadoc.additionalparam" value="" />
    <property name="java.io.tmpdir" value="/tmp" />
    <property name="java.vendor.url" value="http://java.oracle.com/" />
    <property name="endorsed.classpath.cmd.line.arg" value="-Xbootclasspath/p:&apos;/home/mluukkai/NetBeansProjects/Ristinolla/${endorsed.classpath}&apos;" />
    <property name="junit.available" value="true" />
    <property name="libs.jsp-compiler.src" value="" />
    <property name="org.openide.awt.ActionReference.completion" value="org.netbeans.modules.apisupport.project.layers.PathCompletions" />
    <property name="sun.boot.library.path" value="/home/mluukkai/java/jdk1.7.0/jre/lib/i386" />
    <property name="have.sources" value="true" />
    <property name="debug.classpath" value=":build/classes" />
    <property name="javadoc.private" value="false" />
    <property name="test.src.dir" value="test" />
    <property name="libs.jsf20.classpath" value="/home/mluukkai/netbeans-7.2/enterprise/modules/ext/jsf-2_1/jsf-api.jar:/home/mluukkai/netbeans-7.2/enterprise/modules/ext/jsf-2_1/jsf-impl.jar" />
    <property name="ap.processors.internal" value="" />
    <property name="meta.inf.dir" value="src/META-INF" />
    <property name="javadoc.encoding.used" value="UTF-8" />
    <property name="dist.jar" value="dist/Ristinolla.jar" />
    <property name="java.runtime.name" value="Java(TM) SE Runtime Environment" />
    <property name="ant.project.name" value="Ristinolla" />
    <property name="netbeans.hash.code" value="unique=NB_JAVA_WEBCOMMON_WEBEE0d325e87c-017b-46df-9ce8-1ba2ef48d062_58af2e26-1b38-464f-b37b-eb1d1c1363d9" />
    <property name="netbeans.default_userdir_root" value="/home/mluukkai/.netbeans" />
    <property name="libs.jsp-compilation-syscp.maven-pom" value="" />
    <property name="platform.javadoc" value="/home/mluukkai/java/jdk1.7.0/bin/javadoc" />
    <property name="platform.javadoc.tmp" value="${platforms.JDK_1.7.javadoc}" />
    <property name="manifest.available-mkdist.available" value="true" />
    <property name="sun.cpu.isalist" value="" />
    <property name="libs.CopyLibs.javadoc" value="" />
    <property name="platform.compiler" value="${platforms.JDK_1.7.compile}" />
    <property name="org.openide.specification.version" value="6.2" />
    <property name="libs.hibernate-support.classpath" value="/home/mluukkai/netbeans-7.2/java/modules/ext/hibernate/antlr-2.7.6.jar:/home/mluukkai/netbeans-7.2/java/modules/ext/hibernate/asm.jar:/home/mluukkai/netbeans-7.2/java/modules/ext/hibernate/asm-attrs.jar:/home/mluukkai/netbeans-7.2/java/modules/ext/hibernate/cglib-2.1.3.jar:/home/mluukkai/netbeans-7.2/java/modules/ext/hibernate/commons-collections-2.1.1.jar:/home/mluukkai/netbeans-7.2/ide/modules/org-apache-commons-logging.jar:/home/mluukkai/netbeans-7.2/java/modules/ext/hibernate/dom4j-1.6.1.jar:/home/mluukkai/netbeans-7.2/java/modules/ext/hibernate/ehcache-1.2.3.jar:/home/mluukkai/netbeans-7.2/java/modules/ext/hibernate/jdbc2_0-stdext.jar:/home/mluukkai/netbeans-7.2/java/modules/ext/hibernate/jta.jar:/home/mluukkai/netbeans-7.2/java/modules/ext/hibernate/hibernate3.jar:/home/mluukkai/netbeans-7.2/java/modules/ext/hibernate/hibernate-tools.jar:/home/mluukkai/netbeans-7.2/java/modules/ext/hibernate/hibernate-annotations.jar:/home/mluukkai/netbeans-7.2/java/modules/ext/hibernate/hibernate-commons-annotations.jar:/home/mluukkai/netbeans-7.2/java/modules/ext/hibernate/hibernate-entitymanager.jar:/home/mluukkai/netbeans-7.2/java/modules/ext/hibernate/javassist.jar" />
    <property name="user.home" value="/home/mluukkai" />
    <property name="annotation.processing.processors.list" value="" />
    <property name="libs.primefaces.maven-pom" value="" />
    <property name="debug-args-line" value="-Xdebug" />
    <property name="sun.zip.disableMemoryMapping" value="true" />
    <property name="libs.javaee-api-6.0.maven-pom" value="" />
    <property name="platform.javac.tmp" value="${platforms.JDK_1.7.javac}" />
    <property name="libs.JWSAntTasks.src" value="" />
    <property name="jar.index" value="false" />
    <property name="libs.CopyLibs.maven-pom" value="" />
    <property name="libs.spring-framework300.javadoc" value="" />
    <property name="libs.hibernate-persistence.maven-pom" value="" />
    <property name="libs.absolutelayout.javadoc" value="" />
    <property name="guice.disable.misplaced.annotation.check" value="true" />
    <property name="java.specification.name" value="Java Platform API Specification" />
    <property name="do.archive+main.class.available" value="true" />
    <property name="java.specification.vendor" value="Oracle Corporation" />
    <property name="libs.javac-api.classpath" value="/home/mluukkai/netbeans-7.2/java/modules/ext/nb-javac-api.jar" />
    <property name="ant.file.type.Ristinolla" value="file" />
    <property name="java.version" value="1.7.0" />
    <property name="run.jvmargs.ide" value="" />
    <property name="javadoc.version" value="false" />
    <property name="libs.MySQLDriver.javadoc" value="" />
    <property name="org.openide.version" value="deprecated" />
    <property name="platform.java" value="/home/mluukkai/java/jdk1.7.0/bin/java" />
    <property name="source.encoding" value="UTF-8" />
    <property name="ap.cmd.line.internal" value="" />
    <property name="libs.eclipselinkmodelgen.maven-pom" value="" />
    <property name="libs.jsp-compilation-syscp.javadoc" value="" />
    <property name="libs.junit.maven-pom" value="" />
    <property name="libs.eclipselinkmodelgen.javadoc" value="" />
    <property name="libs.metro.javadoc" value="/home/mluukkai/netbeans-7.2/enterprise/docs/metro-1.4-doc.zip" />
    <property name="libs.struts.maven-pom" value="" />
    <property name="netbeans.home+have.tests" value="true" />
    <property name="annotation.processing.processor.options" value="" />
    <property name="libs.testng.maven-pom" value="" />
    <property name="libs.jaxb.src" value="" />
    <property name="libs.Java-EE-GlassFish-v3.wsgenerate" value="" />
    <property name="work.dir" value="/home/mluukkai/NetBeansProjects/Ristinolla" />
    <property name="libs.jaxb.classpath" value="/home/mluukkai/netbeans-7.2/ide/modules/ext/jaxb/jaxb-impl.jar:/home/mluukkai/netbeans-7.2/ide/modules/ext/jaxb/jaxb-xjc.jar:/home/mluukkai/netbeans-7.2/ide/modules/ext/jaxb/jaxb1-impl.jar:/home/mluukkai/netbeans-7.2/ide/modules/ext/jaxb/activation.jar:/home/mluukkai/netbeans-7.2/ide/modules/ext/jaxb/api/jaxb-api.jar:/home/mluukkai/netbeans-7.2/ide/modules/ext/jaxb/api/jsr173_1.0_api.jar" />
    <property name="do.depend" value="false" />
    <property name="dist.javadoc.dir" value="dist/javadoc" />
    <property name="libs.swing-layout.classpath" value="/home/mluukkai/netbeans-7.2/platform/modules/ext/swing-layout-1.0.4.jar" />
    <property name="libs.spring-webmvc3.0.classpath" value="/home/mluukkai/netbeans-7.2/java/modules/ext/spring-3.0/spring-webmvc-3.1.1.RELEASE.jar" />
    <property name="libs.restlib.src" value="" />
    <property name="javac.source" value="1.7" />
    <property name="build.generated.dir" value="build/generated" />
    <property name="line.separator" value="&#xa;" />
    <property name="libs.hibernate-persistence.src" value="" />
    <property name="java.specification.version" value="1.7" />
    <property name="java.vm.info" value="mixed mode" />
    <property name="libs.jaxws21.maven-pom" value="" />
    <property name="nb.junit.batch" value="true" />
    <property name="junit.forkmode" value="perTest" />
    <property name="user.country.format" value="FI" />
    <property name="platform.java.tmp" value="${platforms.JDK_1.7.java}" />
    <property name="libs.spring-framework.maven-pom" value="" />
    <property name="sun.boot.class.path" value="/home/mluukkai/NetBeansProjects/Ristinolla/${endorsed.classpath}:/home/mluukkai/java/jdk1.7.0/jre/lib/resources.jar:/home/mluukkai/java/jdk1.7.0/jre/lib/rt.jar:/home/mluukkai/java/jdk1.7.0/jre/lib/sunrsasign.jar:/home/mluukkai/java/jdk1.7.0/jre/lib/jsse.jar:/home/mluukkai/java/jdk1.7.0/jre/lib/jce.jar:/home/mluukkai/java/jdk1.7.0/jre/lib/charsets.jar:/home/mluukkai/java/jdk1.7.0/jre/classes" />
    <property name="javac.target" value="1.7" />
    <property name="built-jar.properties" value="/home/mluukkai/NetBeansProjects/Ristinolla/build/built-jar.properties" />
    <property name="build.test.classes.dir" value="build/test/classes" />
    <property name="src.dir" value="src" />
    <property name="annotation.processing.enabled" value="true" />
    <property name="libs.jsf20.src" value="" />
    <property name="libs.jpa20-persistence.src" value="" />
    <property name="libs.jsf12.src" value="" />
    <property name="libs.JAVADB_DRIVER_LABEL.maven-pom" value="" />
    <property name="libs.struts.javadoc" value="/home/mluukkai/netbeans-7.2/enterprise/docs/struts-1.3.10-javadoc.zip" />
    <property name="ignore.failing.tests" value="true" />
    <property name="libs.Comet-GlassFish-v3.classpath" value="/home/mluukkai/glassfish-3.1.1/glassfish/modules/grizzly-comet.jar" />
    <property name="libs.primefaces.src" value="" />
    <property name="dist.dir" value="dist" />
    <property name="libs.groovy-all.javadoc" value="" />
    <property name="do.archive+manifest.available+main.class" value="true" />
    <property name="securerandom.source" value="file:/dev/./urandom" />
    <property name="testng.debug.mode" value="" />
    <property name="libs.groovy-all.classpath" value="/home/mluukkai/netbeans-7.2/groovy/modules/ext/groovy-all.jar" />
    <property name="java.awt.printerjob" value="sun.print.PSPrinterJob" />
    <property name="default.javac.source" value="1.6" />
    <property name="platforms.JDK_1.7.compiler" value="modern" />
    <property name="debug-transport-by-os" value="dt_socket" />
    <property name="sun.jnu.encoding" value="UTF-8" />
    <property name="libs.MySQLDriver.src" value="" />
    <property name="platforms.JDK_1.7.bootclasspath" value="/home/mluukkai/java/jdk1.7.0/jre/lib/resources.jar:/home/mluukkai/java/jdk1.7.0/jre/lib/rt.jar:/home/mluukkai/java/jdk1.7.0/jre/lib/sunrsasign.jar:/home/mluukkai/java/jdk1.7.0/jre/lib/jsse.jar:/home/mluukkai/java/jdk1.7.0/jre/lib/jce.jar:/home/mluukkai/java/jdk1.7.0/jre/lib/charsets.jar:/home/mluukkai/java/jdk1.7.0/jre/classes:/home/mluukkai/java/jdk1.7.0/jre/lib/ext/sunjce_provider.jar:/home/mluukkai/java/jdk1.7.0/jre/lib/ext/sunpkcs11.jar:/home/mluukkai/java/jdk1.7.0/jre/lib/ext/zipfs.jar:/home/mluukkai/java/jdk1.7.0/jre/lib/ext/localedata.jar:/home/mluukkai/java/jdk1.7.0/jre/lib/ext/sunec.jar:/home/mluukkai/java/jdk1.7.0/jre/lib/ext/dnsns.jar" />
    <property name="build.test.results.dir" value="build/test/results" />
    <property name="java.runtime.version" value="1.7.0-b147" />
    <property name="libs.ejb3-persistence.javadoc" value="" />
    <property name="jna.platform.library.path" value="/usr/lib/x86_64-linux-gnu:/usr/lib64:/lib64:/usr/lib:/lib" />
    <property name="manifest.available+main.class+mkdist.available" value="true" />
    <property name="default.javac.target" value="1.6" />
    <property name="libs.Java-EE-GlassFish-v3.src" value="" />
    <property name="libs.junit_4.classpath" value="/home/mluukkai/netbeans-7.2/platform/modules/ext/junit-4.10.jar" />
    <property name="user.timezone" value="" />
    <property name="nb.junit.single" value="false" />
    <property name="libs.javaee-endorsed-api-6.0.maven-pom" value="" />
    <property name="libs.JAVADB_DRIVER_LABEL.javadoc" value="" />
    <property name="netbeans.dirs" value="/home/mluukkai/netbeans-7.2/nb:/home/mluukkai/netbeans-7.2/ergonomics:/home/mluukkai/netbeans-7.2/ide:/home/mluukkai/netbeans-7.2/java:/home/mluukkai/netbeans-7.2/apisupport:/home/mluukkai/netbeans-7.2/webcommon:/home/mluukkai/netbeans-7.2/websvccommon:/home/mluukkai/netbeans-7.2/enterprise:/home/mluukkai/netbeans-7.2/mobility:/home/mluukkai/netbeans-7.2/profiler:/home/mluukkai/netbeans-7.2/python:/home/mluukkai/netbeans-7.2/php:/home/mluukkai/netbeans-7.2/identity:/home/mluukkai/netbeans-7.2/harness:/home/mluukkai/netbeans-7.2/cnd:/home/mluukkai/netbeans-7.2/dlight:/home/mluukkai/netbeans-7.2/groovy:/home/mluukkai/netbeans-7.2/extra:/home/mluukkai/netbeans-7.2/javacard:/home/mluukkai/netbeans-7.2/javafx:/home/mluukkai/netbeans-7.2/tmc_netbeans:/home/mluukkai/netbeans-7.2/tmcbeans:" />
    <property name="libs.jsf20.javadoc" value="/home/mluukkai/netbeans-7.2/enterprise/docs/javaee6-doc-api.zip" />
    <property name="java.ext.dirs" value="/home/mluukkai/java/jdk1.7.0/jre/lib/ext:/usr/java/packages/lib/ext" />
    <property name="libs.metro.src" value="" />
    <property name="libs.absolutelayout.classpath" value="/home/mluukkai/netbeans-7.2/java/modules/ext/AbsoluteLayout.jar" />
    <property name="excludes" value="" />
    <property name="libs.restlib.maven-pom" value="" />
    <property name="libs.metro.classpath" value="/home/mluukkai/netbeans-7.2/ide/modules/ext/jaxb/activation.jar:/home/mluukkai/netbeans-7.2/enterprise/modules/ext/metro/webservices-api.jar:/home/mluukkai/netbeans-7.2/enterprise/modules/ext/metro/webservices-extra-api.jar:/home/mluukkai/netbeans-7.2/enterprise/modules/ext/metro/webservices-extra.jar:/home/mluukkai/netbeans-7.2/enterprise/modules/ext/metro/webservices-rt.jar:/home/mluukkai/netbeans-7.2/enterprise/modules/ext/metro/webservices-tools.jar" />
    <property name="apple.laf.useScreenMenuBar" value="true" />
    <property name="java.class.path" value="/home/mluukkai/NetBeansProjects/Ristinolla/build/classes:/home/mluukkai/netbeans-7.2/platform/modules/ext/junit-4.10.jar:/home/mluukkai/NetBeansProjects/Ristinolla/build/test/classes:/home/mluukkai/netbeans-7.2/java/ant/lib/ant-launcher.jar:/home/mluukkai/netbeans-7.2/java/ant/lib/ant.jar:/home/mluukkai/netbeans-7.2/java/ant/lib/ant-junit.jar:/home/mluukkai/netbeans-7.2/java/ant/lib/ant-junit4.jar" />
    <property name="do.mkdist" value="true" />
    <property name="libs.absolutelayout.src" value="" />
    <property name="libs.jpa20-persistence.classpath" value="/home/mluukkai/netbeans-7.2/java/modules/ext/eclipselink/javax.persistence-2.0.3.jar" />
    <property name="os.version" value="2.6.38-16-generic" />
    <property name="application.args" value="" />
    <property name="libs.EclipseLink-GlassFish-v3.javadoc" value="/home/mluukkai/netbeans-7.2/enterprise/docs/javaee6-doc-api.zip" />
    <property name="main.class.available" value="true" />
    <property name="sun.desktop" value="gnome" />
    <property name="libs.Comet-GlassFish-v3.src" value="" />
    <property name="libs.restlib.javadoc" value="/home/mluukkai/netbeans-7.2/enterprise/docs/jersey-1.8-javadoc.zip:/home/mluukkai/netbeans-7.2/enterprise/docs/jersey-apache-client-1.8-javadoc.zip:/home/mluukkai/netbeans-7.2/enterprise/docs/jersey-atom-abdera-1.8-javadoc.zip:/home/mluukkai/netbeans-7.2/enterprise/docs/jersey-guice-1.8-javadoc.zip:/home/mluukkai/netbeans-7.2/enterprise/docs/jersey-multipart-1.8-javadoc.zip:/home/mluukkai/netbeans-7.2/enterprise/docs/jersey-simple-server-1.8-javadoc.zip:/home/mluukkai/netbeans-7.2/enterprise/docs/jersey-spring-1.8-javadoc.zip:/home/mluukkai/netbeans-7.2/enterprise/docs/oauth-client-1.8-javadoc.zip:/home/mluukkai/netbeans-7.2/enterprise/docs/oauth-server-1.8-javadoc.zip:/home/mluukkai/netbeans-7.2/enterprise/docs/oauth-signature-1.8-javadoc.zip" />
    <property name="libs.JAXB-ENDORSED.classpath" value="/home/mluukkai/netbeans-7.2/ide/modules/ext/jaxb/api/jaxb-api.jar" />
    <property name="libs.eclipselink.classpath" value="/home/mluukkai/netbeans-7.2/java/modules/ext/eclipselink/eclipselink-2.3.2.jar:/home/mluukkai/netbeans-7.2/java/modules/ext/eclipselink/javax.persistence-2.0.3.jar:/home/mluukkai/netbeans-7.2/java/modules/ext/eclipselink/org.eclipse.persistence.jpa.jpql_1.0.1.jar" />
    <property name="java.awt.graphicsenv" value="sun.awt.X11GraphicsEnvironment" />
    <property name="libs.beans-binding.javadoc" value="/home/mluukkai/netbeans-7.2/java/docs/beansbinding-1.2.1-doc.zip" />
    <property name="libs.Java-EE-GlassFish-v3.classpath" value="/home/mluukkai/glassfish-3.1.1/glassfish/modules/javax.persistence.jar:/home/mluukkai/glassfish-3.1.1/glassfish/modules/javax.transaction.jar:/home/mluukkai/glassfish-3.1.1/glassfish/modules/endorsed/javax.annotation.jar:/home/mluukkai/glassfish-3.1.1/glassfish/modules/jsf-impl.jar:/home/mluukkai/glassfish-3.1.1/glassfish/modules/javax.servlet.jsp.jstl.jar:/home/mluukkai/glassfish-3.1.1/glassfish/modules/webservices-osgi.jar:/home/mluukkai/glassfish-3.1.1/glassfish/modules/endorsed/jaxb-api-osgi.jar:/home/mluukkai/glassfish-3.1.1/glassfish/modules/weld-osgi-bundle.jar:/home/mluukkai/glassfish-3.1.1/mq/lib/jaxm-api.jar:/home/mluukkai/glassfish-3.1.1/glassfish/modules/jaxb-osgi.jar:/home/mluukkai/glassfish-3.1.1/glassfish/modules/javax.management.j2ee.jar:/home/mluukkai/glassfish-3.1.1/glassfish/modules/javax.ejb.jar:/home/mluukkai/glassfish-3.1.1/glassfish/modules/javax.mail.jar:/home/mluukkai/glassfish-3.1.1/glassfish/modules/jsf-api.jar:/home/mluukkai/glassfish-3.1.1/glassfish/modules/bean-validator.jar:/home/mluukkai/glassfish-3.1.1/glassfish/modules/jstl-impl.jar:/home/mluukkai/glassfish-3.1.1/glassfish/modules/javax.enterprise.deploy.jar:/home/mluukkai/glassfish-3.1.1/glassfish/modules/javax.resource.jar:/home/mluukkai/glassfish-3.1.1/glassfish/modules/javax.security.jacc.jar:/home/mluukkai/glassfish-3.1.1/glassfish/modules/javax.jms.jar:/home/mluukkai/glassfish-3.1.1/glassfish/modules/javax.servlet.jsp.jar:/home/mluukkai/glassfish-3.1.1/glassfish/modules/endorsed/webservices-api-osgi.jar:/home/mluukkai/glassfish-3.1.1/glassfish/modules/javax.servlet.jar:/home/mluukkai/glassfish-3.1.1/glassfish/modules/jersey-core.jar:/home/mluukkai/glassfish-3.1.1/glassfish/modules/javax.security.auth.message.jar:/home/mluukkai/glassfish-3.1.1/glassfish/modules/web-core.jar:/home/mluukkai/glassfish-3.1.1/glassfish/modules/jackson-core-asl.jar:/home/mluukkai/glassfish-3.1.1/glassfish/modules/jackson-jaxrs.jar:/home/mluukkai/glassfish-3.1.1/glassfish/modules/jackson-mapper-asl.jar:/home/mluukkai/glassfish-3.1.1/glassfish/modules/jersey-client.jar:/home/mluukkai/glassfish-3.1.1/glassfish/modules/jersey-core.jar:/home/mluukkai/glassfish-3.1.1/glassfish/modules/jersey-gf-server.jar:/home/mluukkai/glassfish-3.1.1/glassfish/modules/jersey-json.jar:/home/mluukkai/glassfish-3.1.1/glassfish/modules/jersey-multipart.jar:/home/mluukkai/glassfish-3.1.1/glassfish/modules/jettison.jar:/home/mluukkai/glassfish-3.1.1/glassfish/modules/mimepull.jar" />
    <property name="java.vm.vendor" value="Oracle Corporation" />
    <property name="libs.CopyLibs.classpath" value="/home/mluukkai/netbeans-7.2/java/ant/extra/org-netbeans-modules-java-j2seproject-copylibstask.jar" />
    <property name="libs.spring-framework300.classpath" value="/home/mluukkai/netbeans-7.2/ide/modules/org-apache-commons-logging.jar:/home/mluukkai/netbeans-7.2/java/modules/ext/cglib-2.2.jar:/home/mluukkai/netbeans-7.2/java/modules/ext/spring-3.0/spring-aop-3.1.1.RELEASE.jar:/home/mluukkai/netbeans-7.2/java/modules/ext/spring-3.0/spring-asm-3.1.1.RELEASE.jar:/home/mluukkai/netbeans-7.2/java/modules/ext/spring-3.0/spring-aspects-3.1.1.RELEASE.jar:/home/mluukkai/netbeans-7.2/java/modules/ext/spring-3.0/spring-beans-3.1.1.RELEASE.jar:/home/mluukkai/netbeans-7.2/java/modules/ext/spring-3.0/spring-context-3.1.1.RELEASE.jar:/home/mluukkai/netbeans-7.2/java/modules/ext/spring-3.0/spring-context-support-3.1.1.RELEASE.jar:/home/mluukkai/netbeans-7.2/java/modules/ext/spring-3.0/spring-core-3.1.1.RELEASE.jar:/home/mluukkai/netbeans-7.2/java/modules/ext/spring-3.0/spring-expression-3.1.1.RELEASE.jar:/home/mluukkai/netbeans-7.2/java/modules/ext/spring-3.0/spring-instrument-3.1.1.RELEASE.jar:/home/mluukkai/netbeans-7.2/java/modules/ext/spring-3.0/spring-instrument-tomcat-3.1.1.RELEASE.jar:/home/mluukkai/netbeans-7.2/java/modules/ext/spring-3.0/spring-jdbc-3.1.1.RELEASE.jar:/home/mluukkai/netbeans-7.2/java/modules/ext/spring-3.0/spring-jms-3.1.1.RELEASE.jar:/home/mluukkai/netbeans-7.2/java/modules/ext/spring-3.0/spring-orm-3.1.1.RELEASE.jar:/home/mluukkai/netbeans-7.2/java/modules/ext/spring-3.0/spring-oxm-3.1.1.RELEASE.jar:/home/mluukkai/netbeans-7.2/java/modules/ext/spring-3.0/spring-test-3.1.1.RELEASE.jar:/home/mluukkai/netbeans-7.2/java/modules/ext/spring-3.0/spring-tx-3.1.1.RELEASE.jar:/home/mluukkai/netbeans-7.2/java/modules/ext/spring-3.0/spring-web-3.1.1.RELEASE.jar:/home/mluukkai/netbeans-7.2/java/modules/ext/spring-3.0/spring-webmvc-portlet-3.1.1.RELEASE.jar:/home/mluukkai/netbeans-7.2/java/modules/ext/spring-3.0/spring-webmvc-3.1.1.RELEASE.jar:/home/mluukkai/netbeans-7.2/java/modules/ext/spring-3.0/spring-struts-3.1.1.RELEASE.jar" />
    <property name="libs.jsp-compiler.maven-pom" value="" />
    <property name="libs.Java-EE-GlassFish-v3.wsinterop" value="" />
    <property name="libs.spring-webmvc.maven-pom" value="" />
    <property name="run.jvmargs" value="" />
    <property name="libs.ejb3-persistence.classpath" value="/home/mluukkai/netbeans-7.2/java/modules/ext/hibernate/ejb3-persistence.jar" />
    <property name="libs.spring-framework.javadoc" value="" />
    <property name="libs.JAXB-ENDORSED.src" value="" />
    <property name="libs.testng.javadoc" value="/home/mluukkai/netbeans-7.2/platform/docs/testng-6.5.1-javadoc.zip" />
    <property name="libs.PostgreSQLDriver.classpath" value="/home/mluukkai/netbeans-7.2/ide/modules/ext/postgresql-9.1-901.jdbc4.jar" />
    <property name="libs.jsf12.maven-pom" value="" />
    <property name="libs.junit.src" value="" />
    <property name="annotation.processing.source.output" value="build/generated-sources/ap-source-output" />
    <property name="main.class" value="ristinolla.RistiNolla" />
    <property name="libs.CopyLibs.src" value="" />
    <property name="build.dir" value="build" />
    <property name="libs.jsp-compilation.classpath" value="/home/mluukkai/netbeans-7.2/java/ant/lib/ant.jar:/home/mluukkai/netbeans-7.2/enterprise/modules/ext/servlet3.0-jsp2.2-api.jar:/home/mluukkai/netbeans-7.2/enterprise/modules/ext/glassfish-jspparser-3.0.jar:/home/mluukkai/netbeans-7.2/enterprise/modules/ext/jsf-2_1/jsf-api.jar:/home/mluukkai/netbeans-7.2/enterprise/modules/ext/jstl.jar:/home/mluukkai/netbeans-7.2/java/ant/lib/ant-launcher.jar" />
    <property name="ant.version" value="Apache Ant(TM) version 1.8.3 compiled on February 26 2012" />
    <property name="file.encoding" value="UTF-8" />
    <property name="build.classes.excludes" value="**/*.java,**/*.form" />
    <property name="javadoc.nonavbar" value="false" />
    <property name="platform.active" value="JDK_1.7" />
    <property name="awt.toolkit" value="sun.awt.X11.XToolkit" />
  </properties>
  <testcase classname="ristinolla.PelilogiikkaTest" name="pelaajaOvoittaaVaakasuoraan" time="0.004" />
  <testcase classname="ristinolla.PelilogiikkaTest" name="pelaajaXvoittaaVaakasuoraan" time="0.0" />
  <testcase classname="ristinolla.PelilogiikkaTest" name="pelaajaXvoittaaDiagnonalisesti" time="0.0" />
  <testcase classname="ristinolla.PelilogiikkaTest" name="tasapeli" time="0.001" />
  <testcase classname="ristinolla.PelilogiikkaTest" name="pelaajaXvoittaaPystysuorasti1" time="0.001" />
  <testcase classname="ristinolla.PelilogiikkaTest" name="pelaajaXvoittaaPystysuorasti2" time="0.001" />
  <testcase classname="ristinolla.PelilogiikkaTest" name="pelaajaOvoittaaPystysuorasti" time="0.0" />
  <system-out><![CDATA[]]></system-out>
  <system-err><![CDATA[]]></system-err>
</testsuite>
